Performing system checks...

System check identified no issues (0 silenced).
January 26, 2015 - 06:52:07
Django version 1.7.3, using settings 'mysite.settings'
Starting development server at http://127.0.0.1:8000/
Quit the server with CONTROL-C.
[26/Jan/2015 06:52:23] "GET / HTTP/1.1" 200 1759
Performing system checks...

System check identified no issues (0 silenced).
January 26, 2015 - 06:52:15
Django version 1.7.3, using settings 'mysite.settings'
Starting development server at http://127.0.0.1:8000/
Quit the server with CONTROL-C.
Performing system checks...

System check identified no issues (0 silenced).
January 26, 2015 - 07:24:58
Django version 1.7.3, using settings 'mysite.settings'
Starting development server at http://127.0.0.1:8000/
Quit the server with CONTROL-C.
[26/Jan/2015 07:39:20] "GET /admin/ HTTP/1.1" 302 0
[26/Jan/2015 07:39:20] "GET /admin/login/?next=/admin/ HTTP/1.1" 200 1914
[26/Jan/2015 07:39:20] "GET /static/admin/css/login.css HTTP/1.1" 200 940
[26/Jan/2015 07:39:26] "POST /admin/login/?next=/admin/ HTTP/1.1" 200 2077
[26/Jan/2015 07:39:26] "GET /static/admin/img/icon_error.gif HTTP/1.1" 200 319
[26/Jan/2015 07:39:32] "POST /admin/login/?next=/admin/ HTTP/1.1" 302 0
[26/Jan/2015 07:39:32] "GET /admin/ HTTP/1.1" 200 2879
Performing system checks...

System check identified no issues (0 silenced).
January 26, 2015 - 07:28:13
Django version 1.7.3, using settings 'mysite.settings'
Starting development server at http://127.0.0.1:8000/
Quit the server with CONTROL-C.
[26/Jan/2015 07:41:05] "GET /admin/ HTTP/1.1" 200 3919
[26/Jan/2015 07:41:05] "GET /static/admin/css/dashboard.css HTTP/1.1" 200 434
[26/Jan/2015 07:41:05] "GET /static/admin/css/base.css HTTP/1.1" 200 13995
[26/Jan/2015 07:41:05] "GET /static/admin/img/icon_changelink.gif HTTP/1.1" 200 119
[26/Jan/2015 07:41:05] "GET /static/admin/img/default-bg.gif HTTP/1.1" 200 836
[26/Jan/2015 07:41:05] "GET /static/admin/img/icon_addlink.gif HTTP/1.1" 200 119
[26/Jan/2015 07:41:05] "GET /static/admin/img/nav-bg.gif HTTP/1.1" 200 265
[26/Jan/2015 07:41:14] "GET /admin/polls/question/ HTTP/1.1" 200 4210
[26/Jan/2015 07:41:14] "GET /static/admin/css/changelists.css HTTP/1.1" 200 5254
[26/Jan/2015 07:41:14] "GET /static/admin/js/admin/RelatedObjectLookups.js HTTP/1.1" 200 3232
[26/Jan/2015 07:41:14] "GET /static/admin/js/jquery.js HTTP/1.1" 200 268381
[26/Jan/2015 07:41:14] "GET /static/admin/js/core.js HTTP/1.1" 200 6899
[26/Jan/2015 07:41:14] "GET /static/admin/js/jquery.init.js HTTP/1.1" 200 326
[26/Jan/2015 07:41:14] "GET /static/admin/js/actions.js HTTP/1.1" 200 4910
[26/Jan/2015 07:41:14] "GET /admin/jsi18n/ HTTP/1.1" 200 2344
[26/Jan/2015 07:41:15] "GET /static/admin/img/nav-bg-reverse.gif HTTP/1.1" 200 178
[26/Jan/2015 07:41:15] "GET /static/admin/img/tooltag-add.png HTTP/1.1" 200 119
[26/Jan/2015 07:41:16] "GET /admin/polls/question/1/ HTTP/1.1" 200 4489
[26/Jan/2015 07:41:17] "GET /static/admin/css/forms.css HTTP/1.1" 200 5928
[26/Jan/2015 07:41:17] "GET /admin/jsi18n/ HTTP/1.1" 200 2344
[26/Jan/2015 07:41:17] "GET /static/admin/js/calendar.js HTTP/1.1" 200 5969
[26/Jan/2015 07:41:17] "GET /static/admin/js/admin/DateTimeShortcuts.js HTTP/1.1" 200 17105
[26/Jan/2015 07:41:17] "GET /static/admin/css/widgets.css HTTP/1.1" 200 10293
[26/Jan/2015 07:41:17] "GET /static/admin/img/icon_deletelink.gif HTTP/1.1" 200 181
[26/Jan/2015 07:41:17] "GET /static/admin/img/icon_clock.gif HTTP/1.1" 200 390
[26/Jan/2015 07:41:17] "GET /static/admin/img/icon_calendar.gif HTTP/1.1" 200 192
[26/Jan/2015 07:41:23] "GET /admin/polls/choice/ HTTP/1.1" 200 4399
[26/Jan/2015 07:41:24] "GET /admin/jsi18n/ HTTP/1.1" 200 2344
[26/Jan/2015 07:41:25] "GET /admin/polls/choice/2/ HTTP/1.1" 200 4868
[26/Jan/2015 07:41:25] "GET /admin/jsi18n/ HTTP/1.1" 200 2344
[26/Jan/2015 07:48:28] "GET /admin/polls/question/ HTTP/1.1" 200 4210
[26/Jan/2015 07:48:28] "GET /static/admin/css/base.css HTTP/1.1" 304 0
[26/Jan/2015 07:48:28] "GET /admin/jsi18n/ HTTP/1.1" 200 2344
[26/Jan/2015 07:48:28] "GET /static/admin/css/changelists.css HTTP/1.1" 304 0
[26/Jan/2015 07:48:28] "GET /static/admin/js/core.js HTTP/1.1" 304 0
[26/Jan/2015 07:48:28] "GET /static/admin/js/jquery.js HTTP/1.1" 304 0
[26/Jan/2015 07:48:28] "GET /static/admin/js/admin/RelatedObjectLookups.js HTTP/1.1" 304 0
[26/Jan/2015 07:48:28] "GET /static/admin/js/jquery.init.js HTTP/1.1" 304 0
[26/Jan/2015 07:48:28] "GET /static/admin/js/actions.js HTTP/1.1" 304 0
[26/Jan/2015 07:48:31] "GET /admin/polls/question/1/ HTTP/1.1" 200 4489
[26/Jan/2015 07:48:31] "GET /static/admin/css/forms.css HTTP/1.1" 304 0
[26/Jan/2015 07:48:31] "GET /static/admin/js/admin/DateTimeShortcuts.js HTTP/1.1" 304 0
[26/Jan/2015 07:48:31] "GET /static/admin/js/calendar.js HTTP/1.1" 304 0
[26/Jan/2015 07:48:31] "GET /admin/jsi18n/ HTTP/1.1" 200 2344
[26/Jan/2015 07:48:31] "GET /static/admin/css/widgets.css HTTP/1.1" 304 0
[26/Jan/2015 07:48:31] "GET /static/admin/img/nav-bg.gif HTTP/1.1" 304 0
[26/Jan/2015 07:48:31] "GET /static/admin/img/icon_deletelink.gif HTTP/1.1" 304 0
[26/Jan/2015 07:48:32] "GET /static/admin/img/icon_calendar.gif HTTP/1.1" 304 0
[26/Jan/2015 07:48:32] "GET /static/admin/img/icon_clock.gif HTTP/1.1" 304 0
[26/Jan/2015 07:48:37] "GET /static/admin/img/default-bg-reverse.gif HTTP/1.1" 200 835
[26/Jan/2015 07:48:37] "POST /admin/polls/question/1/ HTTP/1.1" 302 0
[26/Jan/2015 07:48:37] "GET /admin/polls/question/ HTTP/1.1" 200 4367
[26/Jan/2015 07:48:37] "GET /admin/jsi18n/ HTTP/1.1" 200 2344
[26/Jan/2015 07:48:37] "GET /static/admin/img/icon_success.gif HTTP/1.1" 200 341
Performing system checks...

System check identified no issues (0 silenced).
January 26, 2015 - 07:41:03
Django version 1.7.3, using settings 'mysite.settings'
Starting development server at http://127.0.0.1:8000/
Quit the server with CONTROL-C.
Traceback (most recent call last):
  File "manage.py", line 10, in <module>
    execute_from_command_line(sys.argv)
  File "/Users/messiah/Developer/Virtualenvs/python3/lib/python3.4/site-packages/django/core/management/__init__.py", line 385, in execute_from_command_line
    utility.execute()
  File "/Users/messiah/Developer/Virtualenvs/python3/lib/python3.4/site-packages/django/core/management/__init__.py", line 354, in execute
    django.setup()
  File "/Users/messiah/Developer/Virtualenvs/python3/lib/python3.4/site-packages/django/__init__.py", line 21, in setup
    apps.populate(settings.INSTALLED_APPS)
  File "/Users/messiah/Developer/Virtualenvs/python3/lib/python3.4/site-packages/django/apps/registry.py", line 115, in populate
    app_config.ready()
  File "/Users/messiah/Developer/Virtualenvs/python3/lib/python3.4/site-packages/django/contrib/admin/apps.py", line 22, in ready
    self.module.autodiscover()
  File "/Users/messiah/Developer/Virtualenvs/python3/lib/python3.4/site-packages/django/contrib/admin/__init__.py", line 23, in autodiscover
    autodiscover_modules('admin', register_to=site)
  File "/Users/messiah/Developer/Virtualenvs/python3/lib/python3.4/site-packages/django/utils/module_loading.py", line 74, in autodiscover_modules
    import_module('%s.%s' % (app_config.name, module_to_search))
  File "/Users/messiah/Developer/Virtualenvs/python3/lib/python3.4/importlib/__init__.py", line 109, in import_module
    return _bootstrap._gcd_import(name[level:], package, level)
  File "<frozen importlib._bootstrap>", line 2254, in _gcd_import
  File "<frozen importlib._bootstrap>", line 2237, in _find_and_load
  File "<frozen importlib._bootstrap>", line 2226, in _find_and_load_unlocked
  File "<frozen importlib._bootstrap>", line 1200, in _load_unlocked
  File "<frozen importlib._bootstrap>", line 1129, in _exec
  File "<frozen importlib._bootstrap>", line 1471, in exec_module
  File "<frozen importlib._bootstrap>", line 321, in _call_with_frames_removed
  File "/Users/messiah/Developer/Django/mysite/polls/admin.py", line 6, in <module>
    class QuestionAdmin(admin.ModelAdmin):
  File "/Users/messiah/Developer/Django/mysite/polls/admin.py", line 9, in QuestionAdmin
    ('Date information', )
TypeError: 'tuple' object is not callable
Traceback (most recent call last):
  File "manage.py", line 10, in <module>
    execute_from_command_line(sys.argv)
  File "/Users/messiah/Developer/Virtualenvs/python3/lib/python3.4/site-packages/django/core/management/__init__.py", line 385, in execute_from_command_line
    utility.execute()
  File "/Users/messiah/Developer/Virtualenvs/python3/lib/python3.4/site-packages/django/core/management/__init__.py", line 354, in execute
    django.setup()
  File "/Users/messiah/Developer/Virtualenvs/python3/lib/python3.4/site-packages/django/__init__.py", line 21, in setup
    apps.populate(settings.INSTALLED_APPS)
  File "/Users/messiah/Developer/Virtualenvs/python3/lib/python3.4/site-packages/django/apps/registry.py", line 115, in populate
    app_config.ready()
  File "/Users/messiah/Developer/Virtualenvs/python3/lib/python3.4/site-packages/django/contrib/admin/apps.py", line 22, in ready
    self.module.autodiscover()
  File "/Users/messiah/Developer/Virtualenvs/python3/lib/python3.4/site-packages/django/contrib/admin/__init__.py", line 23, in autodiscover
    autodiscover_modules('admin', register_to=site)
  File "/Users/messiah/Developer/Virtualenvs/python3/lib/python3.4/site-packages/django/utils/module_loading.py", line 74, in autodiscover_modules
    import_module('%s.%s' % (app_config.name, module_to_search))
  File "/Users/messiah/Developer/Virtualenvs/python3/lib/python3.4/importlib/__init__.py", line 109, in import_module
    return _bootstrap._gcd_import(name[level:], package, level)
  File "<frozen importlib._bootstrap>", line 2254, in _gcd_import
  File "<frozen importlib._bootstrap>", line 2237, in _find_and_load
  File "<frozen importlib._bootstrap>", line 2226, in _find_and_load_unlocked
  File "<frozen importlib._bootstrap>", line 1200, in _load_unlocked
  File "<frozen importlib._bootstrap>", line 1129, in _exec
  File "<frozen importlib._bootstrap>", line 1471, in exec_module
  File "<frozen importlib._bootstrap>", line 321, in _call_with_frames_removed
  File "/Users/messiah/Developer/Django/mysite/polls/admin.py", line 6, in <module>
    class ChoiceInline(admin.StackedInLine):
AttributeError: 'module' object has no attribute 'StackedInLine'
[26/Jan/2015 08:05:35] "GET /admin/ HTTP/1.1" 200 3853
[26/Jan/2015 08:05:36] "GET /static/admin/css/base.css HTTP/1.1" 304 0
[26/Jan/2015 08:05:36] "GET /static/admin/css/dashboard.css HTTP/1.1" 304 0
[26/Jan/2015 08:06:27] "GET /admin/ HTTP/1.1" 200 3853
[26/Jan/2015 08:06:28] "GET /static/admin/css/dashboard.css HTTP/1.1" 304 0
[26/Jan/2015 08:06:28] "GET /static/admin/css/base.css HTTP/1.1" 304 0
[26/Jan/2015 08:06:57] "GET /admin/ HTTP/1.1" 200 3832
[26/Jan/2015 08:06:57] "GET /static/admin/css/base.css HTTP/1.1" 304 0
[26/Jan/2015 08:06:57] "GET /static/admin/css/dashboard.css HTTP/1.1" 304 0
Performing system checks...

System check identified no issues (0 silenced).
January 26, 2015 - 08:05:30
Django version 1.7.3, using settings 'mysite.settings'
Starting development server at http://127.0.0.1:8000/
Quit the server with CONTROL-C.
[26/Jan/2015 09:16:00] "GET /polls/ HTTP/1.1" 500 81018
[26/Jan/2015 09:16:26] "GET /polls/ HTTP/1.1" 200 40
Performing system checks...

System check identified no issues (0 silenced).
January 26, 2015 - 09:15:49
Django version 1.7.3, using settings 'mysite.settings'
Starting development server at http://127.0.0.1:8000/
Quit the server with CONTROL-C.
[26/Jan/2015 09:22:14] "GET /polls/34 HTTP/1.1" 500 103736
[26/Jan/2015 09:22:18] "GET /polls/34/ HTTP/1.1" 500 87851
[26/Jan/2015 09:22:51] "GET /polls/ HTTP/1.1" 500 87818
[26/Jan/2015 09:23:05] "GET /polls/ HTTP/1.1" 200 40
[26/Jan/2015 09:23:11] "GET /polls/32/ HTTP/1.1" 200 31
[26/Jan/2015 09:23:17] "GET /polls/32/results/ HTTP/1.1" 200 46
Performing system checks...

System check identified no issues (0 silenced).
January 26, 2015 - 09:20:01
Django version 1.7.3, using settings 'mysite.settings'
Starting development server at http://127.0.0.1:8000/
Quit the server with CONTROL-C.
[26/Jan/2015 10:02:39] "GET /polls/ HTTP/1.1" 200 62
[26/Jan/2015 10:02:56] "GET /polls/ HTTP/1.1" 200 61
[26/Jan/2015 10:02:58] "GET /polls// HTTP/1.1" 404 2691
[26/Jan/2015 10:03:16] "GET /polls/ HTTP/1.1" 200 62
[26/Jan/2015 10:03:17] "GET /polls/1/ HTTP/1.1" 200 30
[26/Jan/2015 10:42:24] "GET /polls/1/ HTTP/1.1" 200 30
Performing system checks...

System check identified no issues (0 silenced).
January 26, 2015 - 10:02:14
Django version 1.7.3, using settings 'mysite.settings'
Starting development server at http://127.0.0.1:8000/
Quit the server with CONTROL-C.
[26/Jan/2015 10:50:10] "GET /polls/ HTTP/1.1" 200 62
Performing system checks...

System check identified no issues (0 silenced).
January 26, 2015 - 10:49:45
Django version 1.7.3, using settings 'mysite.settings'
Starting development server at http://127.0.0.1:8000/
Quit the server with CONTROL-C.
[26/Jan/2015 10:56:23] "GET /polls/1/ HTTP/1.1" 200 14
Performing system checks...

System check identified no issues (0 silenced).
January 26, 2015 - 10:53:10
Django version 1.7.3, using settings 'mysite.settings'
Starting development server at http://127.0.0.1:8000/
Quit the server with CONTROL-C.
[26/Jan/2015 10:59:59] "GET /polls/1/ HTTP/1.1" 500 64846
Performing system checks...

System check identified no issues (0 silenced).
January 26, 2015 - 10:57:22
Django version 1.7.3, using settings 'mysite.settings'
Starting development server at http://127.0.0.1:8000/
Quit the server with CONTROL-C.
[26/Jan/2015 11:00:25] "GET /polls/1/ HTTP/1.1" 200 77
[26/Jan/2015 11:30:38] "GET /polls/1/ HTTP/1.1" 200 77
[26/Jan/2015 11:30:43] "GET /polls/1/ HTTP/1.1" 200 77
Performing system checks...

System check identified no issues (0 silenced).
January 26, 2015 - 11:00:23
Django version 1.7.3, using settings 'mysite.settings'
Starting development server at http://127.0.0.1:8000/
Quit the server with CONTROL-C.
[26/Jan/2015 11:32:28] "GET /polls/1/ HTTP/1.1" 404 2704
[26/Jan/2015 11:32:32] "GET /polls/ HTTP/1.1" 200 73
[26/Jan/2015 11:32:33] "GET /polls/specifics/1// HTTP/1.1" 404 2737
[26/Jan/2015 11:33:02] "GET /polls/specifics/1// HTTP/1.1" 404 2737
[26/Jan/2015 11:33:05] "GET /polls/specifics/1/ HTTP/1.1" 200 77
Performing system checks...

System check identified no issues (0 silenced).
January 26, 2015 - 11:32:27
Django version 1.7.3, using settings 'mysite.settings'
Starting development server at http://127.0.0.1:8000/
Quit the server with CONTROL-C.
[26/Jan/2015 11:33:18] "GET /polls/specifics/1// HTTP/1.1" 404 2737
[26/Jan/2015 11:33:22] "GET /polls/ HTTP/1.1" 200 73
[26/Jan/2015 11:33:23] "GET /polls/specifics/1// HTTP/1.1" 404 2737
[26/Jan/2015 11:33:32] "GET /polls/ HTTP/1.1" 200 72
Performing system checks...

System check identified no issues (0 silenced).
January 26, 2015 - 11:33:24
Django version 1.7.3, using settings 'mysite.settings'
Starting development server at http://127.0.0.1:8000/
Quit the server with CONTROL-C.
[26/Jan/2015 11:34:02] "GET /polls/ HTTP/1.1" 200 72
[26/Jan/2015 11:34:04] "GET /polls/specifics/1/ HTTP/1.1" 200 77
Performing system checks...

System check identified no issues (0 silenced).
January 26, 2015 - 11:33:51
Django version 1.7.3, using settings 'mysite.settings'
Starting development server at http://127.0.0.1:8000/
Quit the server with CONTROL-C.
[26/Jan/2015 11:35:47] "GET / HTTP/1.1" 404 2001
[26/Jan/2015 11:35:52] "GET /polls/ HTTP/1.1" 200 62
[26/Jan/2015 11:35:54] "GET /polls/1/ HTTP/1.1" 200 77
Performing system checks...

System check identified no issues (0 silenced).
January 26, 2015 - 11:35:44
Django version 1.7.3, using settings 'mysite.settings'
Starting development server at http://127.0.0.1:8000/
Quit the server with CONTROL-C.
[26/Jan/2015 11:38:05] "GET /polls/specifics/1/ HTTP/1.1" 404 2724
[26/Jan/2015 11:38:10] "GET /polls/1/ HTTP/1.1" 200 77
[26/Jan/2015 11:43:50] "GET /polls/ HTTP/1.1" 500 138732
[26/Jan/2015 11:45:21] "GET /polls/ HTTP/1.1" 200 83
[26/Jan/2015 11:45:23] "GET /polls/%7B%%20url%20'detail'%20question.id%20%7D%7D HTTP/1.1" 404 2816
[26/Jan/2015 11:45:41] "GET /polls/%7B%%20url%20'detail'%20question.id%20%7D%7D HTTP/1.1" 404 2816
[26/Jan/2015 11:45:43] "GET /polls/ HTTP/1.1" 500 186188
[26/Jan/2015 11:46:34] "GET /polls/ HTTP/1.1" 500 186323
[26/Jan/2015 11:47:21] "GET /polls/ HTTP/1.1" 500 186318
[26/Jan/2015 11:47:33] "GET /polls/ HTTP/1.1" 200 70
[26/Jan/2015 11:47:36] "GET /polls/1/ HTTP/1.1" 200 434
Performing system checks...

System check identified no issues (0 silenced).
January 26, 2015 - 11:37:54
Django version 1.7.3, using settings 'mysite.settings'
Starting development server at http://127.0.0.1:8000/
Quit the server with CONTROL-C.
[26/Jan/2015 11:52:56] "GET /polls/ HTTP/1.1" 200 70
[26/Jan/2015 11:52:57] "GET /polls/1/ HTTP/1.1" 200 434
[26/Jan/2015 11:52:58] "POST /polls/1/vote/ HTTP/1.1" 500 66114
Performing system checks...

System check identified no issues (0 silenced).
January 26, 2015 - 11:51:43
Django version 1.7.3, using settings 'mysite.settings'
Starting development server at http://127.0.0.1:8000/
Quit the server with CONTROL-C.
[26/Jan/2015 11:53:48] "GET /polls/1/ HTTP/1.1" 200 434
[26/Jan/2015 11:53:50] "POST /polls/1/vote/ HTTP/1.1" 500 66114
Performing system checks...

System check identified no issues (0 silenced).
January 26, 2015 - 11:53:42
Django version 1.7.3, using settings 'mysite.settings'
Starting development server at http://127.0.0.1:8000/
Quit the server with CONTROL-C.
[26/Jan/2015 11:55:12] "GET /polls/1/ HTTP/1.1" 200 434
[26/Jan/2015 11:55:14] "POST /polls/1/vote/ HTTP/1.1" 200 489
[26/Jan/2015 11:55:17] "POST /polls/1/vote/ HTTP/1.1" 302 0
[26/Jan/2015 11:55:17] "GET /polls/1/results/ HTTP/1.1" 200 45
Performing system checks...

System check identified no issues (0 silenced).
January 26, 2015 - 11:55:08
Django version 1.7.3, using settings 'mysite.settings'
Starting development server at http://127.0.0.1:8000/
Quit the server with CONTROL-C.
[26/Jan/2015 11:59:40] "POST /polls/1/vote/ HTTP/1.1" 302 0
[26/Jan/2015 11:59:40] "GET /polls/1/results/ HTTP/1.1" 200 140
[26/Jan/2015 11:59:43] "GET /polls/1/ HTTP/1.1" 200 434
[26/Jan/2015 11:59:45] "POST /polls/1/vote/ HTTP/1.1" 302 0
[26/Jan/2015 11:59:45] "GET /polls/1/results/ HTTP/1.1" 200 139
Performing system checks...

System check identified no issues (0 silenced).
January 26, 2015 - 11:58:55
Django version 1.7.3, using settings 'mysite.settings'
Starting development server at http://127.0.0.1:8000/
Quit the server with CONTROL-C.
